{"/Users/Pratul_Bhargava/backend-mock/database/models/index.js": {"path":"/Users/Pratul_Bhargava/backend-mock/database/models/index.js","statementMap":{"0":{"start":{"line":3,"column":11},"end":{"line":3,"column":24}},"1":{"start":{"line":4,"column":13},"end":{"line":4,"column":28}},"2":{"start":{"line":5,"column":18},"end":{"line":5,"column":38}},"3":{"start":{"line":6,"column":16},"end":{"line":6,"column":34}},"4":{"start":{"line":7,"column":17},"end":{"line":7,"column":42}},"5":{"start":{"line":8,"column":12},"end":{"line":8,"column":49}},"6":{"start":{"line":9,"column":15},"end":{"line":9,"column":65}},"7":{"start":{"line":10,"column":11},"end":{"line":10,"column":13}},"8":{"start":{"line":13,"column":0},"end":{"line":17,"column":1}},"9":{"start":{"line":14,"column":4},"end":{"line":14,"column":76}},"10":{"start":{"line":16,"column":4},"end":{"line":16,"column":89}},"11":{"start":{"line":19,"column":0},"end":{"line":32,"column":7}},"12":{"start":{"line":22,"column":8},"end":{"line":27,"column":10}},"13":{"start":{"line":30,"column":22},"end":{"line":30,"column":89}},"14":{"start":{"line":31,"column":8},"end":{"line":31,"column":31}},"15":{"start":{"line":34,"column":0},"end":{"line":38,"column":3}},"16":{"start":{"line":35,"column":4},"end":{"line":37,"column":5}},"17":{"start":{"line":36,"column":8},"end":{"line":36,"column":36}},"18":{"start":{"line":40,"column":0},"end":{"line":40,"column":25}},"19":{"start":{"line":41,"column":0},"end":{"line":41,"column":25}},"20":{"start":{"line":43,"column":0},"end":{"line":43,"column":20}}},"fnMap":{"0":{"name":"(anonymous_0)","decl":{"start":{"line":21,"column":12},"end":{"line":21,"column":13}},"loc":{"start":{"line":21,"column":20},"end":{"line":28,"column":5}},"line":21},"1":{"name":"(anonymous_1)","decl":{"start":{"line":29,"column":13},"end":{"line":29,"column":14}},"loc":{"start":{"line":29,"column":21},"end":{"line":32,"column":5}},"line":29},"2":{"name":"(anonymous_2)","decl":{"start":{"line":34,"column":24},"end":{"line":34,"column":25}},"loc":{"start":{"line":34,"column":37},"end":{"line":38,"column":1}},"line":34}},"branchMap":{"0":{"loc":{"start":{"line":8,"column":12},"end":{"line":8,"column":49}},"type":"binary-expr","locations":[{"start":{"line":8,"column":12},"end":{"line":8,"column":32}},{"start":{"line":8,"column":36},"end":{"line":8,"column":49}}],"line":8},"1":{"loc":{"start":{"line":13,"column":0},"end":{"line":17,"column":1}},"type":"if","locations":[{"start":{"line":13,"column":0},"end":{"line":17,"column":1}},{"start":{"line":15,"column":7},"end":{"line":17,"column":1}}],"line":13},"2":{"loc":{"start":{"line":23,"column":12},"end":{"line":26,"column":37}},"type":"binary-expr","locations":[{"start":{"line":23,"column":12},"end":{"line":23,"column":35}},{"start":{"line":24,"column":6},"end":{"line":24,"column":23}},{"start":{"line":25,"column":6},"end":{"line":25,"column":30}},{"start":{"line":26,"column":6},"end":{"line":26,"column":37}}],"line":23},"3":{"loc":{"start":{"line":35,"column":4},"end":{"line":37,"column":5}},"type":"if","locations":[{"start":{"line":35,"column":4},"end":{"line":37,"column":5}},{"start":{},"end":{}}],"line":35}},"s":{"0":2,"1":2,"2":2,"3":2,"4":2,"5":2,"6":2,"7":2,"8":2,"9":0,"10":2,"11":2,"12":6,"13":4,"14":4,"15":2,"16":4,"17":4,"18":2,"19":2,"20":2},"f":{"0":6,"1":4,"2":4},"b":{"0":[2,0],"1":[0,2],"2":[6,6,4,4],"3":[4,0]},"_coverageSchema":"1a1c01bbd47fc00a2c39e90264f33305004495a9","hash":"22f3acbad4bfd67c3ec2c264607e5e2b9bce2248"}
,"/Users/Pratul_Bhargava/backend-mock/database/models/task.js": {"path":"/Users/Pratul_Bhargava/backend-mock/database/models/task.js","statementMap":{"0":{"start":{"line":4,"column":4},"end":{"line":4,"column":24}},"1":{"start":{"line":5,"column":0},"end":{"line":28,"column":2}},"2":{"start":{"line":14,"column":12},"end":{"line":17,"column":15}},"3":{"start":{"line":20,"column":4},"end":{"line":26,"column":7}},"4":{"start":{"line":27,"column":4},"end":{"line":27,"column":16}}},"fnMap":{"0":{"name":"(anonymous_0)","decl":{"start":{"line":5,"column":17},"end":{"line":5,"column":18}},"loc":{"start":{"line":5,"column":43},"end":{"line":28,"column":1}},"line":5},"1":{"name":"(anonymous_1)","decl":{"start":{"line":12,"column":8},"end":{"line":12,"column":9}},"loc":{"start":{"line":12,"column":33},"end":{"line":18,"column":9}},"line":12}},"branchMap":{},"s":{"0":2,"1":2,"2":2,"3":2,"4":2},"f":{"0":2,"1":2},"b":{},"_coverageSchema":"1a1c01bbd47fc00a2c39e90264f33305004495a9","hash":"6811fa3323be8f9f4ef3887fe1f83acf3aeb197e"}
,"/Users/Pratul_Bhargava/backend-mock/database/models/user.js": {"path":"/Users/Pratul_Bhargava/backend-mock/database/models/user.js","statementMap":{"0":{"start":{"line":4,"column":4},"end":{"line":4,"column":24}},"1":{"start":{"line":5,"column":0},"end":{"line":28,"column":2}},"2":{"start":{"line":14,"column":12},"end":{"line":17,"column":15}},"3":{"start":{"line":20,"column":4},"end":{"line":26,"column":7}},"4":{"start":{"line":27,"column":4},"end":{"line":27,"column":16}}},"fnMap":{"0":{"name":"(anonymous_0)","decl":{"start":{"line":5,"column":17},"end":{"line":5,"column":18}},"loc":{"start":{"line":5,"column":43},"end":{"line":28,"column":1}},"line":5},"1":{"name":"(anonymous_1)","decl":{"start":{"line":12,"column":8},"end":{"line":12,"column":9}},"loc":{"start":{"line":12,"column":33},"end":{"line":18,"column":9}},"line":12}},"branchMap":{},"s":{"0":2,"1":2,"2":2,"3":2,"4":2},"f":{"0":2,"1":2},"b":{},"_coverageSchema":"1a1c01bbd47fc00a2c39e90264f33305004495a9","hash":"a05f7c96de0112d15feec380ebb3406b0b1c8f39"}
,"/Users/Pratul_Bhargava/backend-mock/src/controllers/userControllers.js": {"path":"/Users/Pratul_Bhargava/backend-mock/src/controllers/userControllers.js","statementMap":{"0":{"start":{"line":1,"column":17},"end":{"line":1,"column":52}},"1":{"start":{"line":2,"column":18},"end":{"line":2,"column":53}},"2":{"start":{"line":4,"column":19},"end":{"line":19,"column":1}},"3":{"start":{"line":5,"column":4},"end":{"line":18,"column":5}},"4":{"start":{"line":6,"column":24},"end":{"line":6,"column":59}},"5":{"start":{"line":8,"column":8},"end":{"line":10,"column":9}},"6":{"start":{"line":9,"column":12},"end":{"line":9,"column":55}},"7":{"start":{"line":11,"column":8},"end":{"line":11,"column":38}},"8":{"start":{"line":13,"column":8},"end":{"line":17,"column":9}},"9":{"start":{"line":14,"column":12},"end":{"line":14,"column":48}},"10":{"start":{"line":16,"column":12},"end":{"line":16,"column":58}},"11":{"start":{"line":21,"column":23},"end":{"line":36,"column":1}},"12":{"start":{"line":22,"column":4},"end":{"line":35,"column":5}},"13":{"start":{"line":23,"column":25},"end":{"line":23,"column":35}},"14":{"start":{"line":24,"column":24},"end":{"line":24,"column":60}},"15":{"start":{"line":25,"column":8},"end":{"line":27,"column":9}},"16":{"start":{"line":26,"column":12},"end":{"line":26,"column":50}},"17":{"start":{"line":28,"column":8},"end":{"line":28,"column":38}},"18":{"start":{"line":30,"column":8},"end":{"line":34,"column":9}},"19":{"start":{"line":31,"column":12},"end":{"line":31,"column":48}},"20":{"start":{"line":33,"column":12},"end":{"line":33,"column":58}},"21":{"start":{"line":38,"column":17},"end":{"line":52,"column":1}},"22":{"start":{"line":39,"column":4},"end":{"line":51,"column":5}},"23":{"start":{"line":40,"column":24},"end":{"line":40,"column":49}},"24":{"start":{"line":41,"column":8},"end":{"line":43,"column":9}},"25":{"start":{"line":42,"column":12},"end":{"line":42,"column":50}},"26":{"start":{"line":44,"column":8},"end":{"line":44,"column":38}},"27":{"start":{"line":46,"column":8},"end":{"line":50,"column":9}},"28":{"start":{"line":47,"column":12},"end":{"line":47,"column":48}},"29":{"start":{"line":49,"column":12},"end":{"line":49,"column":58}},"30":{"start":{"line":54,"column":19},"end":{"line":69,"column":1}},"31":{"start":{"line":55,"column":4},"end":{"line":68,"column":5}},"32":{"start":{"line":56,"column":25},"end":{"line":56,"column":35}},"33":{"start":{"line":57,"column":24},"end":{"line":57,"column":67}},"34":{"start":{"line":58,"column":8},"end":{"line":60,"column":9}},"35":{"start":{"line":59,"column":12},"end":{"line":59,"column":50}},"36":{"start":{"line":61,"column":8},"end":{"line":61,"column":38}},"37":{"start":{"line":63,"column":8},"end":{"line":67,"column":9}},"38":{"start":{"line":64,"column":12},"end":{"line":64,"column":48}},"39":{"start":{"line":66,"column":12},"end":{"line":66,"column":58}},"40":{"start":{"line":71,"column":17},"end":{"line":86,"column":1}},"41":{"start":{"line":72,"column":4},"end":{"line":85,"column":5}},"42":{"start":{"line":73,"column":25},"end":{"line":73,"column":35}},"43":{"start":{"line":74,"column":24},"end":{"line":74,"column":60}},"44":{"start":{"line":75,"column":8},"end":{"line":77,"column":9}},"45":{"start":{"line":76,"column":12},"end":{"line":76,"column":50}},"46":{"start":{"line":78,"column":8},"end":{"line":78,"column":38}},"47":{"start":{"line":80,"column":8},"end":{"line":84,"column":9}},"48":{"start":{"line":81,"column":12},"end":{"line":81,"column":48}},"49":{"start":{"line":83,"column":12},"end":{"line":83,"column":58}},"50":{"start":{"line":88,"column":20},"end":{"line":100,"column":1}},"51":{"start":{"line":89,"column":4},"end":{"line":99,"column":5}},"52":{"start":{"line":90,"column":33},"end":{"line":90,"column":43}},"53":{"start":{"line":91,"column":24},"end":{"line":91,"column":67}},"54":{"start":{"line":92,"column":8},"end":{"line":92,"column":38}},"55":{"start":{"line":94,"column":8},"end":{"line":98,"column":9}},"56":{"start":{"line":95,"column":12},"end":{"line":95,"column":48}},"57":{"start":{"line":97,"column":12},"end":{"line":97,"column":58}},"58":{"start":{"line":102,"column":22},"end":{"line":119,"column":1}},"59":{"start":{"line":103,"column":4},"end":{"line":117,"column":5}},"60":{"start":{"line":104,"column":24},"end":{"line":104,"column":32}},"61":{"start":{"line":105,"column":33},"end":{"line":105,"column":43}},"62":{"start":{"line":106,"column":24},"end":{"line":106,"column":75}},"63":{"start":{"line":107,"column":8},"end":{"line":109,"column":9}},"64":{"start":{"line":108,"column":12},"end":{"line":108,"column":50}},"65":{"start":{"line":110,"column":8},"end":{"line":110,"column":38}},"66":{"start":{"line":112,"column":8},"end":{"line":116,"column":9}},"67":{"start":{"line":113,"column":12},"end":{"line":113,"column":48}},"68":{"start":{"line":115,"column":12},"end":{"line":115,"column":58}},"69":{"start":{"line":121,"column":19},"end":{"line":136,"column":1}},"70":{"start":{"line":122,"column":4},"end":{"line":135,"column":5}},"71":{"start":{"line":123,"column":25},"end":{"line":123,"column":35}},"72":{"start":{"line":124,"column":24},"end":{"line":124,"column":57}},"73":{"start":{"line":125,"column":8},"end":{"line":127,"column":9}},"74":{"start":{"line":126,"column":12},"end":{"line":126,"column":50}},"75":{"start":{"line":128,"column":8},"end":{"line":128,"column":38}},"76":{"start":{"line":130,"column":8},"end":{"line":134,"column":9}},"77":{"start":{"line":131,"column":12},"end":{"line":131,"column":48}},"78":{"start":{"line":133,"column":12},"end":{"line":133,"column":58}},"79":{"start":{"line":138,"column":23},"end":{"line":150,"column":1}},"80":{"start":{"line":139,"column":4},"end":{"line":149,"column":5}},"81":{"start":{"line":140,"column":33},"end":{"line":140,"column":43}},"82":{"start":{"line":141,"column":24},"end":{"line":141,"column":69}},"83":{"start":{"line":142,"column":8},"end":{"line":142,"column":38}},"84":{"start":{"line":144,"column":8},"end":{"line":148,"column":9}},"85":{"start":{"line":145,"column":12},"end":{"line":145,"column":48}},"86":{"start":{"line":147,"column":12},"end":{"line":147,"column":58}},"87":{"start":{"line":152,"column":0},"end":{"line":154,"column":2}}},"fnMap":{"0":{"name":"(anonymous_0)","decl":{"start":{"line":4,"column":19},"end":{"line":4,"column":20}},"loc":{"start":{"line":4,"column":39},"end":{"line":19,"column":1}},"line":4},"1":{"name":"(anonymous_1)","decl":{"start":{"line":21,"column":23},"end":{"line":21,"column":24}},"loc":{"start":{"line":21,"column":43},"end":{"line":36,"column":1}},"line":21},"2":{"name":"(anonymous_2)","decl":{"start":{"line":38,"column":17},"end":{"line":38,"column":18}},"loc":{"start":{"line":38,"column":37},"end":{"line":52,"column":1}},"line":38},"3":{"name":"(anonymous_3)","decl":{"start":{"line":54,"column":19},"end":{"line":54,"column":20}},"loc":{"start":{"line":54,"column":39},"end":{"line":69,"column":1}},"line":54},"4":{"name":"(anonymous_4)","decl":{"start":{"line":71,"column":17},"end":{"line":71,"column":18}},"loc":{"start":{"line":71,"column":37},"end":{"line":86,"column":1}},"line":71},"5":{"name":"(anonymous_5)","decl":{"start":{"line":88,"column":20},"end":{"line":88,"column":21}},"loc":{"start":{"line":88,"column":40},"end":{"line":100,"column":1}},"line":88},"6":{"name":"(anonymous_6)","decl":{"start":{"line":102,"column":22},"end":{"line":102,"column":23}},"loc":{"start":{"line":102,"column":42},"end":{"line":119,"column":1}},"line":102},"7":{"name":"(anonymous_7)","decl":{"start":{"line":121,"column":19},"end":{"line":121,"column":20}},"loc":{"start":{"line":121,"column":39},"end":{"line":136,"column":1}},"line":121},"8":{"name":"(anonymous_8)","decl":{"start":{"line":138,"column":23},"end":{"line":138,"column":24}},"loc":{"start":{"line":138,"column":43},"end":{"line":150,"column":1}},"line":138}},"branchMap":{"0":{"loc":{"start":{"line":8,"column":8},"end":{"line":10,"column":9}},"type":"if","locations":[{"start":{"line":8,"column":8},"end":{"line":10,"column":9}},{"start":{},"end":{}}],"line":8},"1":{"loc":{"start":{"line":13,"column":8},"end":{"line":17,"column":9}},"type":"if","locations":[{"start":{"line":13,"column":8},"end":{"line":17,"column":9}},{"start":{"line":15,"column":13},"end":{"line":17,"column":9}}],"line":13},"2":{"loc":{"start":{"line":25,"column":8},"end":{"line":27,"column":9}},"type":"if","locations":[{"start":{"line":25,"column":8},"end":{"line":27,"column":9}},{"start":{},"end":{}}],"line":25},"3":{"loc":{"start":{"line":30,"column":8},"end":{"line":34,"column":9}},"type":"if","locations":[{"start":{"line":30,"column":8},"end":{"line":34,"column":9}},{"start":{"line":32,"column":13},"end":{"line":34,"column":9}}],"line":30},"4":{"loc":{"start":{"line":41,"column":8},"end":{"line":43,"column":9}},"type":"if","locations":[{"start":{"line":41,"column":8},"end":{"line":43,"column":9}},{"start":{},"end":{}}],"line":41},"5":{"loc":{"start":{"line":46,"column":8},"end":{"line":50,"column":9}},"type":"if","locations":[{"start":{"line":46,"column":8},"end":{"line":50,"column":9}},{"start":{"line":48,"column":13},"end":{"line":50,"column":9}}],"line":46},"6":{"loc":{"start":{"line":58,"column":8},"end":{"line":60,"column":9}},"type":"if","locations":[{"start":{"line":58,"column":8},"end":{"line":60,"column":9}},{"start":{},"end":{}}],"line":58},"7":{"loc":{"start":{"line":63,"column":8},"end":{"line":67,"column":9}},"type":"if","locations":[{"start":{"line":63,"column":8},"end":{"line":67,"column":9}},{"start":{"line":65,"column":13},"end":{"line":67,"column":9}}],"line":63},"8":{"loc":{"start":{"line":75,"column":8},"end":{"line":77,"column":9}},"type":"if","locations":[{"start":{"line":75,"column":8},"end":{"line":77,"column":9}},{"start":{},"end":{}}],"line":75},"9":{"loc":{"start":{"line":80,"column":8},"end":{"line":84,"column":9}},"type":"if","locations":[{"start":{"line":80,"column":8},"end":{"line":84,"column":9}},{"start":{"line":82,"column":13},"end":{"line":84,"column":9}}],"line":80},"10":{"loc":{"start":{"line":94,"column":8},"end":{"line":98,"column":9}},"type":"if","locations":[{"start":{"line":94,"column":8},"end":{"line":98,"column":9}},{"start":{"line":96,"column":13},"end":{"line":98,"column":9}}],"line":94},"11":{"loc":{"start":{"line":107,"column":8},"end":{"line":109,"column":9}},"type":"if","locations":[{"start":{"line":107,"column":8},"end":{"line":109,"column":9}},{"start":{},"end":{}}],"line":107},"12":{"loc":{"start":{"line":112,"column":8},"end":{"line":116,"column":9}},"type":"if","locations":[{"start":{"line":112,"column":8},"end":{"line":116,"column":9}},{"start":{"line":114,"column":13},"end":{"line":116,"column":9}}],"line":112},"13":{"loc":{"start":{"line":125,"column":8},"end":{"line":127,"column":9}},"type":"if","locations":[{"start":{"line":125,"column":8},"end":{"line":127,"column":9}},{"start":{},"end":{}}],"line":125},"14":{"loc":{"start":{"line":130,"column":8},"end":{"line":134,"column":9}},"type":"if","locations":[{"start":{"line":130,"column":8},"end":{"line":134,"column":9}},{"start":{"line":132,"column":13},"end":{"line":134,"column":9}}],"line":130},"15":{"loc":{"start":{"line":144,"column":8},"end":{"line":148,"column":9}},"type":"if","locations":[{"start":{"line":144,"column":8},"end":{"line":148,"column":9}},{"start":{"line":146,"column":13},"end":{"line":148,"column":9}}],"line":144}},"s":{"0":1,"1":1,"2":1,"3":3,"4":3,"5":2,"6":1,"7":1,"8":2,"9":1,"10":1,"11":1,"12":3,"13":3,"14":3,"15":2,"16":1,"17":1,"18":2,"19":1,"20":1,"21":1,"22":3,"23":3,"24":2,"25":1,"26":1,"27":2,"28":1,"29":1,"30":1,"31":0,"32":0,"33":0,"34":0,"35":0,"36":0,"37":0,"38":0,"39":0,"40":1,"41":0,"42":0,"43":0,"44":0,"45":0,"46":0,"47":0,"48":0,"49":0,"50":1,"51":0,"52":0,"53":0,"54":0,"55":0,"56":0,"57":0,"58":1,"59":0,"60":0,"61":0,"62":0,"63":0,"64":0,"65":0,"66":0,"67":0,"68":0,"69":1,"70":0,"71":0,"72":0,"73":0,"74":0,"75":0,"76":0,"77":0,"78":0,"79":1,"80":0,"81":0,"82":0,"83":0,"84":0,"85":0,"86":0,"87":1},"f":{"0":3,"1":3,"2":3,"3":0,"4":0,"5":0,"6":0,"7":0,"8":0},"b":{"0":[1,1],"1":[1,1],"2":[1,1],"3":[1,1],"4":[1,1],"5":[1,1],"6":[0,0],"7":[0,0],"8":[0,0],"9":[0,0],"10":[0,0],"11":[0,0],"12":[0,0],"13":[0,0],"14":[0,0],"15":[0,0]},"_coverageSchema":"1a1c01bbd47fc00a2c39e90264f33305004495a9","hash":"83ce8486a673728b106c4de9268c3b2675bccbd5"}
,"/Users/Pratul_Bhargava/backend-mock/src/services/userServices.js": {"path":"/Users/Pratul_Bhargava/backend-mock/src/services/userServices.js","statementMap":{"0":{"start":{"line":1,"column":23},"end":{"line":1,"column":55}},"1":{"start":{"line":4,"column":19},"end":{"line":4,"column":52}},"2":{"start":{"line":4,"column":35},"end":{"line":4,"column":52}},"3":{"start":{"line":8,"column":22},"end":{"line":16,"column":1}},"4":{"start":{"line":9,"column":17},"end":{"line":14,"column":6}},"5":{"start":{"line":15,"column":4},"end":{"line":15,"column":22}},"6":{"start":{"line":18,"column":17},"end":{"line":28,"column":1}},"7":{"start":{"line":19,"column":17},"end":{"line":26,"column":5}},"8":{"start":{"line":27,"column":4},"end":{"line":27,"column":16}},"9":{"start":{"line":30,"column":19},"end":{"line":36,"column":1}},"10":{"start":{"line":31,"column":19},"end":{"line":34,"column":5}},"11":{"start":{"line":35,"column":4},"end":{"line":35,"column":37}},"12":{"start":{"line":38,"column":21},"end":{"line":49,"column":1}},"13":{"start":{"line":39,"column":17},"end":{"line":47,"column":6}},"14":{"start":{"line":48,"column":4},"end":{"line":48,"column":22}},"15":{"start":{"line":51,"column":22},"end":{"line":65,"column":1}},"16":{"start":{"line":52,"column":17},"end":{"line":60,"column":6}},"17":{"start":{"line":61,"column":17},"end":{"line":61,"column":30}},"18":{"start":{"line":62,"column":4},"end":{"line":62,"column":23}},"19":{"start":{"line":63,"column":4},"end":{"line":63,"column":22}},"20":{"start":{"line":64,"column":4},"end":{"line":64,"column":16}},"21":{"start":{"line":67,"column":19},"end":{"line":71,"column":1}},"22":{"start":{"line":68,"column":17},"end":{"line":68,"column":44}},"23":{"start":{"line":69,"column":4},"end":{"line":69,"column":25}},"24":{"start":{"line":70,"column":4},"end":{"line":70,"column":16}},"25":{"start":{"line":73,"column":23},"end":{"line":86,"column":1}},"26":{"start":{"line":74,"column":17},"end":{"line":82,"column":6}},"27":{"start":{"line":83,"column":17},"end":{"line":83,"column":30}},"28":{"start":{"line":84,"column":4},"end":{"line":84,"column":25}},"29":{"start":{"line":85,"column":4},"end":{"line":85,"column":16}},"30":{"start":{"line":88,"column":0},"end":{"line":90,"column":2}}},"fnMap":{"0":{"name":"(anonymous_0)","decl":{"start":{"line":4,"column":19},"end":{"line":4,"column":20}},"loc":{"start":{"line":4,"column":35},"end":{"line":4,"column":52}},"line":4},"1":{"name":"(anonymous_1)","decl":{"start":{"line":8,"column":22},"end":{"line":8,"column":23}},"loc":{"start":{"line":8,"column":40},"end":{"line":16,"column":1}},"line":8},"2":{"name":"(anonymous_2)","decl":{"start":{"line":18,"column":17},"end":{"line":18,"column":18}},"loc":{"start":{"line":18,"column":29},"end":{"line":28,"column":1}},"line":18},"3":{"name":"(anonymous_3)","decl":{"start":{"line":30,"column":19},"end":{"line":30,"column":20}},"loc":{"start":{"line":30,"column":39},"end":{"line":36,"column":1}},"line":30},"4":{"name":"(anonymous_4)","decl":{"start":{"line":38,"column":21},"end":{"line":38,"column":22}},"loc":{"start":{"line":38,"column":47},"end":{"line":49,"column":1}},"line":38},"5":{"name":"(anonymous_5)","decl":{"start":{"line":51,"column":22},"end":{"line":51,"column":23}},"loc":{"start":{"line":51,"column":55},"end":{"line":65,"column":1}},"line":51},"6":{"name":"(anonymous_6)","decl":{"start":{"line":67,"column":19},"end":{"line":67,"column":20}},"loc":{"start":{"line":67,"column":37},"end":{"line":71,"column":1}},"line":67},"7":{"name":"(anonymous_7)","decl":{"start":{"line":73,"column":23},"end":{"line":73,"column":24}},"loc":{"start":{"line":73,"column":49},"end":{"line":86,"column":1}},"line":73}},"branchMap":{},"s":{"0":2,"1":2,"2":1,"3":2,"4":1,"5":1,"6":2,"7":1,"8":1,"9":2,"10":1,"11":1,"12":2,"13":0,"14":0,"15":2,"16":0,"17":0,"18":0,"19":0,"20":0,"21":2,"22":0,"23":0,"24":0,"25":2,"26":0,"27":0,"28":0,"29":0,"30":2},"f":{"0":1,"1":1,"2":1,"3":1,"4":0,"5":0,"6":0,"7":0},"b":{},"_coverageSchema":"1a1c01bbd47fc00a2c39e90264f33305004495a9","hash":"122399268b3e13a3c3da5ffee975a4adffc46df2"}
,"/Users/Pratul_Bhargava/backend-mock/src/utils/error/HTTPError.js": {"path":"/Users/Pratul_Bhargava/backend-mock/src/utils/error/HTTPError.js","statementMap":{"0":{"start":{"line":3,"column":8},"end":{"line":3,"column":23}},"1":{"start":{"line":4,"column":8},"end":{"line":4,"column":31}},"2":{"start":{"line":5,"column":8},"end":{"line":5,"column":25}},"3":{"start":{"line":9,"column":0},"end":{"line":9,"column":27}}},"fnMap":{"0":{"name":"(anonymous_0)","decl":{"start":{"line":2,"column":4},"end":{"line":2,"column":5}},"loc":{"start":{"line":2,"column":31},"end":{"line":6,"column":5}},"line":2}},"branchMap":{},"s":{"0":3,"1":3,"2":3,"3":1},"f":{"0":3},"b":{},"_coverageSchema":"1a1c01bbd47fc00a2c39e90264f33305004495a9","hash":"473fec9596de99b0507996f599c7972cd862f813"}
}
